<?xml version="1.0" encoding="UTF-8"?>
<testng-results ignored="0" total="1" passed="1" failed="0" skipped="0">
  <reporter-output>
  </reporter-output>
  <suite started-at="2024-08-09T17:49:36 IST" name="Default suite" finished-at="2024-08-09T17:49:36 IST" duration-ms="53">
    <groups>
    </groups>
    <test started-at="2024-08-09T17:49:36 IST" name="Default test" finished-at="2024-08-09T17:49:36 IST" duration-ms="53">
      <class name="Java.PS1">
        <test-method is-config="true" signature="beforeRun()[pri:0, instance:Java.PS1@4c9f8c13]" started-at="2024-08-09T17:49:36 IST" name="beforeRun" finished-at="2024-08-09T17:49:36 IST" duration-ms="6" status="PASS">
          <reporter-output>
          </reporter-output>
        </test-method> <!-- beforeRun -->
        <test-method signature="testRun()[pri:0, instance:Java.PS1@4c9f8c13]" started-at="2024-08-09T17:49:36 IST" name="testRun" finished-at="2024-08-09T17:49:36 IST" duration-ms="8" status="PASS">
          <reporter-output>
          </reporter-output>
        </test-method> <!-- testRun -->
        <test-method is-config="true" signature="afterRun()[pri:0, instance:Java.PS1@4c9f8c13]" started-at="2024-08-09T17:49:36 IST" name="afterRun" finished-at="2024-08-09T17:49:36 IST" duration-ms="1" status="PASS">
          <reporter-output>
          </reporter-output>
        </test-method> <!-- afterRun -->
      </class> <!-- Java.PS1 -->
    </test> <!-- Default test -->
  </suite> <!-- Default suite -->
</testng-results>
